Discovery: Start function, playlists count: 1
Discovery: Collected tracks count: 9
Discovery: Seed track IDs count: 9
Discovery: Failed to get recommendations. Error: http status: 404, code: -1 - https://api.spotify.com/v1/recommendations?limit=25&seed_tracks=1mfDLO0NcQ7YT4ZsxsdANi%2C35U4PXL3W3XIkAjEUdhr36%2C5KxabomHCvgNZ1jnJl06y0%2C07AbRgKmb5KfppwtZbZqDI%2C7w87IxuO7BDcJ3YUqCyMTT%2C5LRxSyiIRHQD26h1mdM0Ir%2C2yWyFT6bW1Rd9cjVvYi4v8%2C2qBPS84Xgcm1vEjSQ1Ilwp%2C3aRBYspbgoAyrMMeDZKVNL:
 None, reason: None
Discovery: Called from runSync
Discovery: Start function, playlists count: 1
Discovery: Collected tracks count: 9
Discovery: Seed track IDs count: 9
Discovery: Failed to get recommendations. Error: http status: 404, code: -1 - https://api.spotify.com/v1/recommendations?limit=25&seed_tracks=1mfDLO0NcQ7YT4ZsxsdANi%2C35U4PXL3W3XIkAjEUdhr36%2C5KxabomHCvgNZ1jnJl06y0%2C07AbRgKmb5KfppwtZbZqDI%2C7w87IxuO7BDcJ3YUqCyMTT%2C5LRxSyiIRHQD26h1mdM0Ir%2C2yWyFT6bW1Rd9cjVvYi4v8%2C2qBPS84Xgcm1vEjSQ1Ilwp%2C3aRBYspbgoAyrMMeDZKVNL:
 None, reason: None
Discovery: Called from runSync
Discovery: Start function, playlists count: 1
Discovery: Collected tracks count: 9
Discovery: Seed track IDs count: 9
Discovery: Failed to get recommendations. Error: http status: 404, code: -1 - https://api.spotify.com/v1/recommendations?limit=25&seed_tracks=1mfDLO0NcQ7YT4ZsxsdANi%2C35U4PXL3W3XIkAjEUdhr36%2C5KxabomHCvgNZ1jnJl06y0%2C07AbRgKmb5KfppwtZbZqDI%2C7w87IxuO7BDcJ3YUqCyMTT%2C5LRxSyiIRHQD26h1mdM0Ir%2C2yWyFT6bW1Rd9cjVvYi4v8%2C2qBPS84Xgcm1vEjSQ1Ilwp%2C3aRBYspbgoAyrMMeDZKVNL:
 None, reason: None
Discovery: Called from runSync
Discovery: Start function, playlists count: 1
Discovery: Collected tracks count: 9
Discovery: Seed track IDs count: 9
Discovery: Failed to get recommendations. Error: http status: 404, code: -1 - https://api.spotify.com/v1/recommendations?limit=25&seed_tracks=1mfDLO0NcQ7YT4ZsxsdANi%2C35U4PXL3W3XIkAjEUdhr36%2C5KxabomHCvgNZ1jnJl06y0%2C07AbRgKmb5KfppwtZbZqDI%2C7w87IxuO7BDcJ3YUqCyMTT%2C5LRxSyiIRHQD26h1mdM0Ir%2C2yWyFT6bW1Rd9cjVvYi4v8%2C2qBPS84Xgcm1vEjSQ1Ilwp%2C3aRBYspbgoAyrMMeDZKVNL:
 None, reason: None
Discovery: Called from runSync
Discovery: Start function, playlists count: 1
Discovery: Collected tracks count: 9
Discovery: Seed track IDs count: 9
Discovery: Failed to get recommendations. Error: http status: 404, code: -1 - https://api.spotify.com/v1/recommendations?limit=25&seed_tracks=1mfDLO0NcQ7YT4ZsxsdANi%2C35U4PXL3W3XIkAjEUdhr36%2C5KxabomHCvgNZ1jnJl06y0%2C07AbRgKmb5KfppwtZbZqDI%2C7w87IxuO7BDcJ3YUqCyMTT%2C5LRxSyiIRHQD26h1mdM0Ir%2C2yWyFT6bW1Rd9cjVvYi4v8%2C2qBPS84Xgcm1vEjSQ1Ilwp%2C3aRBYspbgoAyrMMeDZKVNL:
 None, reason: None
Discovery: Called from runSync
Discovery: Start function, playlists count: 1
Discovery: Collected tracks count: 9
Discovery: Seed track IDs count: 5
Discovery: Failed to get recommendations. Error: http status: 404, code: -1 - https://api.spotify.com/v1/recommendations?limit=25&seed_tracks=1mfDLO0NcQ7YT4ZsxsdANi%2C35U4PXL3W3XIkAjEUdhr36%2C5KxabomHCvgNZ1jnJl06y0%2C07AbRgKmb5KfppwtZbZqDI%2C7w87IxuO7BDcJ3YUqCyMTT:
 None, reason: None
Discovery: Called from runSync
Discovery: Start function, playlists count: 1
Discovery: Collected tracks count: 9
Discovery: Seed track IDs count: 0
Discovery: No valid seed track IDs found. Exiting.
Discovery: Called from runSync
Discovery: Start function, playlists count: 1
Discovery: Collected tracks count: 9
Discovery: Seed track IDs count: 5
Discovery: Failed to get recommendations. Error: http status: 404, code: -1 - https://api.spotify.com/v1/recommendations?limit=25&seed_tracks=2yWyFT6bW1Rd9cjVvYi4v8%2C7w87IxuO7BDcJ3YUqCyMTT%2C3aRBYspbgoAyrMMeDZKVNL%2C07AbRgKmb5KfppwtZbZqDI%2C1mfDLO0NcQ7YT4ZsxsdANi:
 None, reason: None
Discovery: Called from runSync
Discovery: Start function, playlists count: 1
Discovery: Collected tracks count: 9
Discovery: Attempt 1 failed with 404. Error: http status: 404, code: -1 - https://api.spotify.com/v1/recommendations?limit=25&seed_tracks=1mfDLO0NcQ7YT4ZsxsdANi%2C5KxabomHCvgNZ1jnJl06y0%2C3aRBYspbgoAyrMMeDZKVNL%2C7w87IxuO7BDcJ3YUqCyMTT%2C2yWyFT6bW1Rd9cjVvYi4v8:
 None, reason: None
Discovery: Attempt 2 failed with 404. Error: http status: 404, code: -1 - https://api.spotify.com/v1/recommendations?limit=25&seed_tracks=5LRxSyiIRHQD26h1mdM0Ir%2C3aRBYspbgoAyrMMeDZKVNL%2C2yWyFT6bW1Rd9cjVvYi4v8%2C5KxabomHCvgNZ1jnJl06y0%2C35U4PXL3W3XIkAjEUdhr36:
 None, reason: None
Discovery: Attempt 3 failed with 404. Error: http status: 404, code: -1 - https://api.spotify.com/v1/recommendations?limit=25&seed_tracks=07AbRgKmb5KfppwtZbZqDI%2C35U4PXL3W3XIkAjEUdhr36%2C7w87IxuO7BDcJ3YUqCyMTT%2C2yWyFT6bW1Rd9cjVvYi4v8%2C5KxabomHCvgNZ1jnJl06y0:
 None, reason: None
Discovery: Attempt 4 failed with 404. Error: http status: 404, code: -1 - https://api.spotify.com/v1/recommendations?limit=25&seed_tracks=7w87IxuO7BDcJ3YUqCyMTT%2C2yWyFT6bW1Rd9cjVvYi4v8%2C07AbRgKmb5KfppwtZbZqDI%2C2qBPS84Xgcm1vEjSQ1Ilwp%2C35U4PXL3W3XIkAjEUdhr36:
 None, reason: None
Discovery: Attempt 5 failed with 404. Error: http status: 404, code: -1 - https://api.spotify.com/v1/recommendations?limit=25&seed_tracks=5KxabomHCvgNZ1jnJl06y0%2C2qBPS84Xgcm1vEjSQ1Ilwp%2C35U4PXL3W3XIkAjEUdhr36%2C7w87IxuO7BDcJ3YUqCyMTT%2C1mfDLO0NcQ7YT4ZsxsdANi:
 None, reason: None
Discovery: Failed to get recommendations after all retries.
Discovery: Called from runSync
Discovery: Start function, playlists count: 1
Discovery: Collected tracks count: 9
Discovery: Attempt 1 failed with 404 for seed ['5LRxSyiIRHQD26h1mdM0Ir']. Error: http status: 404, code: -1 - https://api.spotify.com/v1/recommendations?limit=25&seed_tracks=5LRxSyiIRHQD26h1mdM0Ir:
 None, reason: None
Discovery: Attempt 2 failed with 404 for seed ['7w87IxuO7BDcJ3YUqCyMTT']. Error: http status: 404, code: -1 - https://api.spotify.com/v1/recommendations?limit=25&seed_tracks=7w87IxuO7BDcJ3YUqCyMTT:
 None, reason: None
Discovery: Attempt 3 failed with 404 for seed ['2yWyFT6bW1Rd9cjVvYi4v8']. Error: http status: 404, code: -1 - https://api.spotify.com/v1/recommendations?limit=25&seed_tracks=2yWyFT6bW1Rd9cjVvYi4v8:
 None, reason: None
Discovery: Attempt 4 failed with 404 for seed ['07AbRgKmb5KfppwtZbZqDI']. Error: http status: 404, code: -1 - https://api.spotify.com/v1/recommendations?limit=25&seed_tracks=07AbRgKmb5KfppwtZbZqDI:
 None, reason: None
Discovery: Attempt 5 failed with 404 for seed ['3aRBYspbgoAyrMMeDZKVNL']. Error: http status: 404, code: -1 - https://api.spotify.com/v1/recommendations?limit=25&seed_tracks=3aRBYspbgoAyrMMeDZKVNL:
 None, reason: None
Discovery: Attempt 6 failed with 404 for seed ['2qBPS84Xgcm1vEjSQ1Ilwp']. Error: http status: 404, code: -1 - https://api.spotify.com/v1/recommendations?limit=25&seed_tracks=2qBPS84Xgcm1vEjSQ1Ilwp:
 None, reason: None
Discovery: Attempt 7 failed with 404 for seed ['35U4PXL3W3XIkAjEUdhr36']. Error: http status: 404, code: -1 - https://api.spotify.com/v1/recommendations?limit=25&seed_tracks=35U4PXL3W3XIkAjEUdhr36:
 None, reason: None
Discovery: Attempt 8 failed with 404 for seed ['1mfDLO0NcQ7YT4ZsxsdANi']. Error: http status: 404, code: -1 - https://api.spotify.com/v1/recommendations?limit=25&seed_tracks=1mfDLO0NcQ7YT4ZsxsdANi:
 None, reason: None
Discovery: Attempt 9 failed with 404 for seed ['5KxabomHCvgNZ1jnJl06y0']. Error: http status: 404, code: -1 - https://api.spotify.com/v1/recommendations?limit=25&seed_tracks=5KxabomHCvgNZ1jnJl06y0:
 None, reason: None
Discovery: Failed to get recommendations after all retries.
Discovery: Called from runSync
Discovery: Start function, playlists count: 1
Discovery: Collected tracks count: 9
Discovery: Attempt 1 failed with 404 for seed ['3aRBYspbgoAyrMMeDZKVNL']. Error: http status: 404, code: -1 - https://api.spotify.com/v1/recommendations?limit=25&seed_tracks=3aRBYspbgoAyrMMeDZKVNL:
 None, reason: None
Discovery: Attempt 2 failed with 404 for seed ['1mfDLO0NcQ7YT4ZsxsdANi']. Error: http status: 404, code: -1 - https://api.spotify.com/v1/recommendations?limit=25&seed_tracks=1mfDLO0NcQ7YT4ZsxsdANi:
 None, reason: None
Discovery: Attempt 3 failed with 404 for seed ['35U4PXL3W3XIkAjEUdhr36']. Error: http status: 404, code: -1 - https://api.spotify.com/v1/recommendations?limit=25&seed_tracks=35U4PXL3W3XIkAjEUdhr36:
 None, reason: None
Discovery: Attempt 4 failed with 404 for seed ['2qBPS84Xgcm1vEjSQ1Ilwp']. Error: http status: 404, code: -1 - https://api.spotify.com/v1/recommendations?limit=25&seed_tracks=2qBPS84Xgcm1vEjSQ1Ilwp:
 None, reason: None
Discovery: Attempt 5 failed with 404 for seed ['07AbRgKmb5KfppwtZbZqDI']. Error: http status: 404, code: -1 - https://api.spotify.com/v1/recommendations?limit=25&seed_tracks=07AbRgKmb5KfppwtZbZqDI:
 None, reason: None
Discovery: Attempt 6 failed with 404 for seed ['5KxabomHCvgNZ1jnJl06y0']. Error: http status: 404, code: -1 - https://api.spotify.com/v1/recommendations?limit=25&seed_tracks=5KxabomHCvgNZ1jnJl06y0:
 None, reason: None
Discovery: Attempt 7 failed with 404 for seed ['5LRxSyiIRHQD26h1mdM0Ir']. Error: http status: 404, code: -1 - https://api.spotify.com/v1/recommendations?limit=25&seed_tracks=5LRxSyiIRHQD26h1mdM0Ir:
 None, reason: None
Discovery: Attempt 8 failed with 404 for seed ['2yWyFT6bW1Rd9cjVvYi4v8']. Error: http status: 404, code: -1 - https://api.spotify.com/v1/recommendations?limit=25&seed_tracks=2yWyFT6bW1Rd9cjVvYi4v8:
 None, reason: None
Discovery: Attempt 9 failed with 404 for seed ['7w87IxuO7BDcJ3YUqCyMTT']. Error: http status: 404, code: -1 - https://api.spotify.com/v1/recommendations?limit=25&seed_tracks=7w87IxuO7BDcJ3YUqCyMTT:
 None, reason: None
Discovery: Failed to get recommendations after all retries.
Discovery: Called from runSync
